# JRE version: OpenJDK Runtime Environment (8.0_152-b01) (build 1.8.0_152-release-915-b01)
# Java VM: OpenJDK 64-Bit Server VM (25.152-b01 mixed mode windows-amd64 compressed oops)
Heap:
 PSYoungGen      total 282624K, used 19176K [0x00000000e0000000, 0x00000000f7080000, 0x0000000100000000)
  eden space 260608K, 0% used [0x00000000e0000000,0x00000000e0000000,0x00000000efe80000)
  from space 22016K, 87% used [0x00000000efe80000,0x00000000f113a3c8,0x00000000f1400000)
  to   space 23552K, 0% used [0x00000000f5980000,0x00000000f5980000,0x00000000f7080000)
 ParOldGen       total 141312K, used 27783K [0x00000000a0000000, 0x00000000a8a00000, 0x00000000e0000000)
  object space 141312K, 19% used [0x00000000a0000000,0x00000000a1b21e30,0x00000000a8a00000)
 Metaspace       used 57002K, capacity 58972K, committed 59028K, reserved 1099776K
  class space    used 7602K, capacity 8089K, committed 8124K, reserved 1048576K
GC Heap History (10 events):
Event: 10.052 GC heap after
Heap after GC invocations=7 (full 1):
 PSYoungGen      total 187392K, used 8962K [0x00000000e0000000, 0x00000000ee700000, 0x0000000100000000)
  eden space 174080K, 0% used [0x00000000e0000000,0x00000000e0000000,0x00000000eaa00000)
  from space 13312K, 67% used [0x00000000eb680000,0x00000000ebf408b0,0x00000000ec380000)
  to   space 12800K, 0% used [0x00000000eaa00000,0x00000000eaa00000,0x00000000eb680000)
 ParOldGen       total 98304K, used 6875K [0x00000000a0000000, 0x00000000a6000000, 0x00000000e0000000)
  object space 98304K, 6% used [0x00000000a0000000,0x00000000a06b6eb8,0x00000000a6000000)
 Metaspace       used 34626K, capacity 35228K, committed 35416K, reserved 1079296K
  class space    used 4690K, capacity 4914K, committed 4992K, reserved 1048576K
}
Event: 10.053 GC heap before
{Heap before GC invocations=8 (full 2):
 PSYoungGen      total 187392K, used 8962K [0x00000000e0000000, 0x00000000ee700000, 0x0000000100000000)
  eden space 174080K, 0% used [0x00000000e0000000,0x00000000e0000000,0x00000000eaa00000)
  from space 13312K, 67% used [0x00000000eb680000,0x00000000ebf408b0,0x00000000ec380000)
  to   space 12800K, 0% used [0x00000000eaa00000,0x00000000eaa00000,0x00000000eb680000)
 ParOldGen       total 98304K, used 6875K [0x00000000a0000000, 0x00000000a6000000, 0x00000000e0000000)
  object space 98304K, 6% used [0x00000000a0000000,0x00000000a06b6eb8,0x00000000a6000000)
 Metaspace       used 34626K, capacity 35228K, committed 35416K, reserved 1079296K
  class space    used 4690K, capacity 4914K, committed 4992K, reserved 1048576K
Event: 10.298 GC heap after
Heap after GC invocations=8 (full 2):
 PSYoungGen      total 187392K, used 0K [0x00000000e0000000, 0x00000000ee700000, 0x0000000100000000)
  eden space 174080K, 0% used [0x00000000e0000000,0x00000000e0000000,0x00000000eaa00000)
  from space 13312K, 0% used [0x00000000eb680000,0x00000000eb680000,0x00000000ec380000)
  to   space 12800K, 0% used [0x00000000eaa00000,0x00000000eaa00000,0x00000000eb680000)
 ParOldGen       total 141312K, used 15338K [0x00000000a0000000, 0x00000000a8a00000, 0x00000000e0000000)
  object space 141312K, 10% used [0x00000000a0000000,0x00000000a0efaa30,0x00000000a8a00000)
 Metaspace       used 34626K, capacity 35228K, committed 35416K, reserved 1079296K
  class space    used 4690K, capacity 4914K, committed 4992K, reserved 1048576K
}
Event: 16.198 GC heap before
{Heap before GC invocations=9 (full 2):
 PSYoungGen      total 187392K, used 174080K [0x00000000e0000000, 0x00000000ee700000, 0x0000000100000000)
  eden space 174080K, 100% used [0x00000000e0000000,0x00000000eaa00000,0x00000000eaa00000)
  from space 13312K, 0% used [0x00000000eb680000,0x00000000eb680000,0x00000000ec380000)
  to   space 12800K, 0% used [0x00000000eaa00000,0x00000000eaa00000,0x00000000eb680000)
 ParOldGen       total 141312K, used 15338K [0x00000000a0000000, 0x00000000a8a00000, 0x00000000e0000000)
  object space 141312K, 10% used [0x00000000a0000000,0x00000000a0efaa30,0x00000000a8a00000)
 Metaspace       used 46010K, capacity 46926K, committed 47192K, reserved 1089536K
  class space    used 6148K, capacity 6458K, committed 6528K, reserved 1048576K
Event: 16.234 GC heap after
Heap after GC invocations=9 (full 2):
 PSYoungGen      total 186880K, used 12796K [0x00000000e0000000, 0x00000000f2680000, 0x0000000100000000)
  eden space 174080K, 0% used [0x00000000e0000000,0x00000000e0000000,0x00000000eaa00000)
  from space 12800K, 99% used [0x00000000eaa00000,0x00000000eb67f378,0x00000000eb680000)
  to   space 15872K, 0% used [0x00000000f1700000,0x00000000f1700000,0x00000000f2680000)
 ParOldGen       total 141312K, used 18768K [0x00000000a0000000, 0x00000000a8a00000, 0x00000000e0000000)
  object space 141312K, 13% used [0x00000000a0000000,0x00000000a1254128,0x00000000a8a00000)
 Metaspace       used 46010K, capacity 46926K, committed 47192K, reserved 1089536K
  class space    used 6148K, capacity 6458K, committed 6528K, reserved 1048576K
}
Event: 31.349 GC heap before
{Heap before GC invocations=10 (full 2):
 PSYoungGen      total 186880K, used 186876K [0x00000000e0000000, 0x00000000f2680000, 0x0000000100000000)
  eden space 174080K, 100% used [0x00000000e0000000,0x00000000eaa00000,0x00000000eaa00000)
  from space 12800K, 99% used [0x00000000eaa00000,0x00000000eb67f378,0x00000000eb680000)
  to   space 15872K, 0% used [0x00000000f1700000,0x00000000f1700000,0x00000000f2680000)
 ParOldGen       total 141312K, used 18768K [0x00000000a0000000, 0x00000000a8a00000, 0x00000000e0000000)
  object space 141312K, 13% used [0x00000000a0000000,0x00000000a1254128,0x00000000a8a00000)
 Metaspace       used 54827K, capacity 56710K, committed 56792K, reserved 1097728K
  class space    used 7391K, capacity 7880K, committed 7936K, reserved 1048576K
Event: 31.506 GC heap after
Heap after GC invocations=10 (full 2):
 PSYoungGen      total 276480K, used 15870K [0x00000000e0000000, 0x00000000f2980000, 0x0000000100000000)
  eden space 260608K, 0% used [0x00000000e0000000,0x00000000e0000000,0x00000000efe80000)
  from space 15872K, 99% used [0x00000000f1700000,0x00000000f267f970,0x00000000f2680000)
  to   space 22016K, 0% used [0x00000000efe80000,0x00000000efe80000,0x00000000f1400000)
 ParOldGen       total 141312K, used 27775K [0x00000000a0000000, 0x00000000a8a00000, 0x00000000e0000000)
  object space 141312K, 19% used [0x00000000a0000000,0x00000000a1b1fe30,0x00000000a8a00000)
 Metaspace       used 54827K, capacity 56710K, committed 56792K, reserved 1097728K
  class space    used 7391K, capacity 7880K, committed 7936K, reserved 1048576K
}
Event: 40.446 GC heap before
{Heap before GC invocations=11 (full 2):
 PSYoungGen      total 276480K, used 167057K [0x00000000e0000000, 0x00000000f2980000, 0x0000000100000000)
  eden space 260608K, 58% used [0x00000000e0000000,0x00000000e93a4d98,0x00000000efe80000)
  from space 15872K, 99% used [0x00000000f1700000,0x00000000f267f970,0x00000000f2680000)
  to   space 22016K, 0% used [0x00000000efe80000,0x00000000efe80000,0x00000000f1400000)
 ParOldGen       total 141312K, used 27775K [0x00000000a0000000, 0x00000000a8a00000, 0x00000000e0000000)
  object space 141312K, 19% used [0x00000000a0000000,0x00000000a1b1fe30,0x00000000a8a00000)
 Metaspace       used 57002K, capacity 58972K, committed 59028K, reserved 1099776K
  class space    used 7602K, capacity 8089K, committed 8124K, reserved 1048576K
Event: 40.519 GC heap after
Heap after GC invocations=11 (full 2):
 PSYoungGen      total 282624K, used 19176K [0x00000000e0000000, 0x00000000f7080000, 0x0000000100000000)
  eden space 260608K, 0% used [0x00000000e0000000,0x00000000e0000000,0x00000000efe80000)
  from space 22016K, 87% used [0x00000000efe80000,0x00000000f113a3c8,0x00000000f1400000)
  to   space 23552K, 0% used [0x00000000f5980000,0x00000000f5980000,0x00000000f7080000)
 ParOldGen       total 141312K, used 27783K [0x00000000a0000000, 0x00000000a8a00000, 0x00000000e0000000)
  object space 141312K, 19% used [0x00000000a0000000,0x00000000a1b21e30,0x00000000a8a00000)
 Metaspace       used 57002K, capacity 58972K, committed 59028K, reserved 1099776K
  class space    used 7602K, capacity 8089K, committed 8124K, reserved 1048576K
}
Event: 40.519 GC heap before
{Heap before GC invocations=12 (full 3):
 PSYoungGen      total 282624K, used 19176K [0x00000000e0000000, 0x00000000f7080000, 0x0000000100000000)
  eden space 260608K, 0% used [0x00000000e0000000,0x00000000e0000000,0x00000000efe80000)
  from space 22016K, 87% used [0x00000000efe80000,0x00000000f113a3c8,0x00000000f1400000)
  to   space 23552K, 0% used [0x00000000f5980000,0x00000000f5980000,0x00000000f7080000)
 ParOldGen       total 141312K, used 27783K [0x00000000a0000000, 0x00000000a8a00000, 0x00000000e0000000)
  object space 141312K, 19% used [0x00000000a0000000,0x00000000a1b21e30,0x00000000a8a00000)
 Metaspace       used 57002K, capacity 58972K, committed 59028K, reserved 1099776K
  class space    used 7602K, capacity 8089K, committed 8124K, reserved 1048576K

